d:\ontario tech\year 2\fall semester\game development workshop i\gdw2\modules\toolkit\bin\debug-windows-x86_64\toolkit\toolkit.pdb
d:\ontario tech\year 2\fall semester\game development workshop i\gdw2\modules\toolkit\bin\debug-windows-x86_64\toolkit\toolkit.idb
d:\ontario tech\year 2\fall semester\game development workshop i\gdw2\modules\toolkit\obj\debug-windows-x86_64\toolkit\texture2d.obj
d:\ontario tech\year 2\fall semester\game development workshop i\gdw2\modules\toolkit\obj\debug-windows-x86_64\toolkit\ttkcontext.obj
d:\ontario tech\year 2\fall semester\game development workshop i\gdw2\modules\toolkit\obj\debug-windows-x86_64\toolkit\spritesheetquad.obj
d:\ontario tech\year 2\fall semester\game development workshop i\gdw2\modules\toolkit\obj\debug-windows-x86_64\toolkit\meshhelper.obj
d:\ontario tech\year 2\fall semester\game development workshop i\gdw2\modules\toolkit\obj\debug-windows-x86_64\toolkit\input.obj
d:\ontario tech\year 2\fall semester\game development workshop i\gdw2\modules\toolkit\obj\debug-windows-x86_64\toolkit\graphicsutils.obj
d:\ontario tech\year 2\fall semester\game development workshop i\gdw2\modules\toolkit\obj\debug-windows-x86_64\toolkit\glfwinput.obj
d:\ontario tech\year 2\fall semester\game development workshop i\gdw2\modules\toolkit\obj\debug-windows-x86_64\toolkit\fontrenderer.obj
d:\ontario tech\year 2\fall semester\game development workshop i\gdw2\modules\toolkit\obj\debug-windows-x86_64\toolkit\camera.obj
d:\ontario tech\year 2\fall semester\game development workshop i\gdw2\modules\toolkit\obj\debug-windows-x86_64\toolkit\sys.obj
d:\ontario tech\year 2\fall semester\game development workshop i\gdw2\modules\toolkit\obj\debug-windows-x86_64\toolkit\logging.obj
d:\ontario tech\year 2\fall semester\game development workshop i\gdw2\modules\toolkit\bin\debug-windows-x86_64\toolkit\toolkit.lib
d:\ontario tech\year 2\fall semester\game development workshop i\gdw2\modules\toolkit\obj\debug-windows-x86_64\toolkit\toolkit.tlog\cl.command.1.tlog
d:\ontario tech\year 2\fall semester\game development workshop i\gdw2\modules\toolkit\obj\debug-windows-x86_64\toolkit\toolkit.tlog\cl.read.1.tlog
d:\ontario tech\year 2\fall semester\game development workshop i\gdw2\modules\toolkit\obj\debug-windows-x86_64\toolkit\toolkit.tlog\cl.write.1.tlog
d:\ontario tech\year 2\fall semester\game development workshop i\gdw2\modules\toolkit\obj\debug-windows-x86_64\toolkit\toolkit.tlog\lib-link.read.1.tlog
d:\ontario tech\year 2\fall semester\game development workshop i\gdw2\modules\toolkit\obj\debug-windows-x86_64\toolkit\toolkit.tlog\lib-link.write.1.tlog
d:\ontario tech\year 2\fall semester\game development workshop i\gdw2\modules\toolkit\obj\debug-windows-x86_64\toolkit\toolkit.tlog\lib.command.1.tlog
