  Logging.cpp
  Sys.cpp
  Camera.cpp
  FontRenderer.cpp
C:\Program Files (x86)\Windows Kits\10\Include\10.0.19041.0\shared\minwindef.h(130,1): warning C4005: 'APIENTRY': macro redefinition
<<<<<<< HEAD
D:\Taskbar\Projects\Active\GDW2_main\GDW2\dependencies\glad\include\glad\glad.h(37): message : see previous definition of 'APIENTRY'
  GLFWInput.cpp
C:\Program Files (x86)\Windows Kits\10\Include\10.0.19041.0\shared\minwindef.h(130,1): warning C4005: 'APIENTRY': macro redefinition
D:\Taskbar\Projects\Active\GDW2_main\GDW2\dependencies\glfw3\include\GLFW\glfw3.h(104): message : see previous definition of 'APIENTRY'
  GraphicsUtils.cpp
D:\Taskbar\Projects\Active\GDW2_main\GDW2\modules\toolkit\src\TTK\GraphicsUtils.cpp(161,33): warning C4244: 'argument': conversion from 'int' to 'float', possible loss of data
D:\Taskbar\Projects\Active\GDW2_main\GDW2\modules\toolkit\src\TTK\GraphicsUtils.cpp(161,26): warning C4244: 'argument': conversion from 'int' to 'float', possible loss of data
D:\Taskbar\Projects\Active\GDW2_main\GDW2\modules\toolkit\src\TTK\GraphicsUtils.cpp(202,2): warning C4996: 'TTK::Graphics::DrawVector': lineWidth is no longer a supported parameter, see overloads without lineWidth
  Input.cpp
  MeshHelper.cpp
C:\Program Files (x86)\Windows Kits\10\Include\10.0.19041.0\shared\minwindef.h(130,1): warning C4005: 'APIENTRY': macro redefinition
D:\Taskbar\Projects\Active\GDW2_main\GDW2\dependencies\glad\include\glad\glad.h(37): message : see previous definition of 'APIENTRY'
  SpriteSheetQuad.cpp
C:\Program Files (x86)\Windows Kits\10\Include\10.0.19041.0\shared\minwindef.h(130,1): warning C4005: 'APIENTRY': macro redefinition
D:\Taskbar\Projects\Active\GDW2_main\GDW2\dependencies\glad\include\glad\glad.h(37): message : see previous definition of 'APIENTRY'
  TTKContext.cpp
C:\Program Files (x86)\Windows Kits\10\Include\10.0.19041.0\shared\minwindef.h(130,1): warning C4005: 'APIENTRY': macro redefinition
D:\Taskbar\Projects\Active\GDW2_main\GDW2\dependencies\glad\include\glad\glad.h(37): message : see previous definition of 'APIENTRY'
  Texture2D.cpp
C:\Program Files (x86)\Windows Kits\10\Include\10.0.19041.0\shared\minwindef.h(130,1): warning C4005: 'APIENTRY': macro redefinition
D:\Taskbar\Projects\Active\GDW2_main\GDW2\dependencies\glad\include\glad\glad.h(37): message : see previous definition of 'APIENTRY'
  Generating Code...
  toolkit.vcxproj -> D:\Taskbar\Projects\Active\GDW2_main\GDW2\modules\toolkit\bin\Debug-windows-x86_64\toolkit\toolkit.lib
=======
D:\Ontario Tech\Year 2\Fall Semester\Game Development Workshop I\GDW2\dependencies\glad\include\glad\glad.h(37): message : see previous definition of 'APIENTRY'
  GLFWInput.cpp
C:\Program Files (x86)\Windows Kits\10\Include\10.0.19041.0\shared\minwindef.h(130,1): warning C4005: 'APIENTRY': macro redefinition
D:\Ontario Tech\Year 2\Fall Semester\Game Development Workshop I\GDW2\dependencies\glfw3\include\GLFW\glfw3.h(104): message : see previous definition of 'APIENTRY'
  GraphicsUtils.cpp
D:\Ontario Tech\Year 2\Fall Semester\Game Development Workshop I\GDW2\modules\toolkit\src\TTK\GraphicsUtils.cpp(161,33): warning C4244: 'argument': conversion from 'int' to 'float', possible loss of data
D:\Ontario Tech\Year 2\Fall Semester\Game Development Workshop I\GDW2\modules\toolkit\src\TTK\GraphicsUtils.cpp(161,26): warning C4244: 'argument': conversion from 'int' to 'float', possible loss of data
D:\Ontario Tech\Year 2\Fall Semester\Game Development Workshop I\GDW2\modules\toolkit\src\TTK\GraphicsUtils.cpp(202,2): warning C4996: 'TTK::Graphics::DrawVector': lineWidth is no longer a supported parameter, see overloads without lineWidth
  Input.cpp
  MeshHelper.cpp
C:\Program Files (x86)\Windows Kits\10\Include\10.0.19041.0\shared\minwindef.h(130,1): warning C4005: 'APIENTRY': macro redefinition
D:\Ontario Tech\Year 2\Fall Semester\Game Development Workshop I\GDW2\dependencies\glad\include\glad\glad.h(37): message : see previous definition of 'APIENTRY'
  SpriteSheetQuad.cpp
C:\Program Files (x86)\Windows Kits\10\Include\10.0.19041.0\shared\minwindef.h(130,1): warning C4005: 'APIENTRY': macro redefinition
D:\Ontario Tech\Year 2\Fall Semester\Game Development Workshop I\GDW2\dependencies\glad\include\glad\glad.h(37): message : see previous definition of 'APIENTRY'
  TTKContext.cpp
C:\Program Files (x86)\Windows Kits\10\Include\10.0.19041.0\shared\minwindef.h(130,1): warning C4005: 'APIENTRY': macro redefinition
D:\Ontario Tech\Year 2\Fall Semester\Game Development Workshop I\GDW2\dependencies\glad\include\glad\glad.h(37): message : see previous definition of 'APIENTRY'
  Texture2D.cpp
C:\Program Files (x86)\Windows Kits\10\Include\10.0.19041.0\shared\minwindef.h(130,1): warning C4005: 'APIENTRY': macro redefinition
D:\Ontario Tech\Year 2\Fall Semester\Game Development Workshop I\GDW2\dependencies\glad\include\glad\glad.h(37): message : see previous definition of 'APIENTRY'
  Generating Code...
  toolkit.vcxproj -> D:\Ontario Tech\Year 2\Fall Semester\Game Development Workshop I\GDW2\modules\toolkit\bin\Debug-windows-x86_64\toolkit\toolkit.lib
>>>>>>> Ewan
